[14.07.25 20:07:37] info: Program: Starting Squirrel Updater: --checkForUpdate https://api.dyad.sh/v1/update/stable/dyad-sh/dyad/win32-x64/0.12.0
[14.07.25 20:07:37] info: Program: Fetching update information, downloading from https://api.dyad.sh/v1/update/stable/dyad-sh/dyad/win32-x64/0.12.0
[14.07.25 20:07:37] info: Program: Starting Squirrel Updater: --checkForUpdate https://api.dyad.sh/v1/update/stable/dyad-sh/dyad/win32-x64/0.12.0
[14.07.25 20:07:37] info: Program: Fetching update information, downloading from https://api.dyad.sh/v1/update/stable/dyad-sh/dyad/win32-x64/0.12.0
[14.07.25 20:07:37] warn: SingleGlobalInstance: Failed to grab lockfile, will retry: C:\Users\Funkfanatiq\AppData\Local\Temp\.squirrel-lock-5BFF1C62CDBAB2AF2B42998211FB9D2144A0D549: System.IO.IOException: Процесс не может получить доступ к файлу "C:\Users\Funkfanatiq\AppData\Local\Temp\.squirrel-lock-5BFF1C62CDBAB2AF2B42998211FB9D2144A0D549", так как этот файл используется другим процессом.
   в System.IO.__Error.WinIOError(Int32 errorCode, String maybeFullPath)
   в System.IO.FileStream.Init(String path, FileMode mode, FileAccess access, Int32 rights, Boolean useRights, FileShare share, Int32 bufferSize, FileOptions options, SECURITY_ATTRIBUTES secAttrs, String msgPath, Boolean bFromProxy, Boolean useLongPath, Boolean checkHost)
   в System.IO.FileStream..ctor(String path, FileMode mode, FileAccess access, FileShare share)
   в Squirrel.SingleGlobalInstance..ctor(String key, TimeSpan timeOut)
[14.07.25 20:07:37] warn: SingleGlobalInstance: Failed to grab lockfile, will retry: C:\Users\Funkfanatiq\AppData\Local\Temp\.squirrel-lock-5BFF1C62CDBAB2AF2B42998211FB9D2144A0D549: System.IO.IOException: Процесс не может получить доступ к файлу "C:\Users\Funkfanatiq\AppData\Local\Temp\.squirrel-lock-5BFF1C62CDBAB2AF2B42998211FB9D2144A0D549", так как этот файл используется другим процессом.
   в System.IO.__Error.WinIOError(Int32 errorCode, String maybeFullPath)
   в System.IO.FileStream.Init(String path, FileMode mode, FileAccess access, Int32 rights, Boolean useRights, FileShare share, Int32 bufferSize, FileOptions options, SECURITY_ATTRIBUTES secAttrs, String msgPath, Boolean bFromProxy, Boolean useLongPath, Boolean checkHost)
   в System.IO.FileStream..ctor(String path, FileMode mode, FileAccess access, FileShare share)
   в Squirrel.SingleGlobalInstance..ctor(String key, TimeSpan timeOut)
[14.07.25 20:07:38] info: CheckForUpdateImpl: Generated new staging user ID: b9e424be-de23-5cf7-98f1-192e87c15908
[14.07.25 20:07:38] info: CheckForUpdateImpl: Downloading RELEASES file from https://api.dyad.sh/v1/update/stable/dyad-sh/dyad/win32-x64/0.12.0
[14.07.25 20:07:38] info: FileDownloader: Downloading url: https://api.dyad.sh/v1/update/stable/dyad-sh/dyad/win32-x64/0.12.0/RELEASES?id=dyad&localVersion=0.12.0&arch=amd64
[14.07.25 20:07:38] info: Program: Finished Squirrel Updater
[14.07.25 20:17:37] info: Program: Starting Squirrel Updater: --checkForUpdate https://api.dyad.sh/v1/update/stable/dyad-sh/dyad/win32-x64/0.12.0
[14.07.25 20:17:37] info: Program: Fetching update information, downloading from https://api.dyad.sh/v1/update/stable/dyad-sh/dyad/win32-x64/0.12.0
[14.07.25 20:17:37] info: CheckForUpdateImpl: Using existing staging user ID: b9e424be-de23-5cf7-98f1-192e87c15908
[14.07.25 20:17:37] info: CheckForUpdateImpl: Downloading RELEASES file from https://api.dyad.sh/v1/update/stable/dyad-sh/dyad/win32-x64/0.12.0
[14.07.25 20:17:37] info: FileDownloader: Downloading url: https://api.dyad.sh/v1/update/stable/dyad-sh/dyad/win32-x64/0.12.0/RELEASES?id=dyad&localVersion=0.12.0&arch=amd64
[14.07.25 20:17:38] info: Program: Finished Squirrel Updater
[14.07.25 20:27:37] info: Program: Starting Squirrel Updater: --checkForUpdate https://api.dyad.sh/v1/update/stable/dyad-sh/dyad/win32-x64/0.12.0
[14.07.25 20:27:37] info: Program: Fetching update information, downloading from https://api.dyad.sh/v1/update/stable/dyad-sh/dyad/win32-x64/0.12.0
[14.07.25 20:27:37] info: CheckForUpdateImpl: Using existing staging user ID: b9e424be-de23-5cf7-98f1-192e87c15908
[14.07.25 20:27:37] info: CheckForUpdateImpl: Downloading RELEASES file from https://api.dyad.sh/v1/update/stable/dyad-sh/dyad/win32-x64/0.12.0
[14.07.25 20:27:37] info: FileDownloader: Downloading url: https://api.dyad.sh/v1/update/stable/dyad-sh/dyad/win32-x64/0.12.0/RELEASES?id=dyad&localVersion=0.12.0&arch=amd64
[14.07.25 20:27:38] info: Program: Finished Squirrel Updater
[14.07.25 20:37:37] info: Program: Starting Squirrel Updater: --checkForUpdate https://api.dyad.sh/v1/update/stable/dyad-sh/dyad/win32-x64/0.12.0
[14.07.25 20:37:37] info: Program: Fetching update information, downloading from https://api.dyad.sh/v1/update/stable/dyad-sh/dyad/win32-x64/0.12.0
[14.07.25 20:37:37] info: CheckForUpdateImpl: Using existing staging user ID: b9e424be-de23-5cf7-98f1-192e87c15908
[14.07.25 20:37:37] info: CheckForUpdateImpl: Downloading RELEASES file from https://api.dyad.sh/v1/update/stable/dyad-sh/dyad/win32-x64/0.12.0
[14.07.25 20:37:37] info: FileDownloader: Downloading url: https://api.dyad.sh/v1/update/stable/dyad-sh/dyad/win32-x64/0.12.0/RELEASES?id=dyad&localVersion=0.12.0&arch=amd64
[14.07.25 20:37:38] info: Program: Finished Squirrel Updater
[14.07.25 20:43:41] info: Program: Starting Squirrel Updater: --checkForUpdate https://api.dyad.sh/v1/update/stable/dyad-sh/dyad/win32-x64/0.12.0
[14.07.25 20:43:41] info: Program: Fetching update information, downloading from https://api.dyad.sh/v1/update/stable/dyad-sh/dyad/win32-x64/0.12.0
[14.07.25 20:43:41] info: CheckForUpdateImpl: Using existing staging user ID: b9e424be-de23-5cf7-98f1-192e87c15908
[14.07.25 20:43:41] info: CheckForUpdateImpl: Downloading RELEASES file from https://api.dyad.sh/v1/update/stable/dyad-sh/dyad/win32-x64/0.12.0
[14.07.25 20:43:42] info: FileDownloader: Downloading url: https://api.dyad.sh/v1/update/stable/dyad-sh/dyad/win32-x64/0.12.0/RELEASES?id=dyad&localVersion=0.12.0&arch=amd64
[14.07.25 20:43:42] info: Program: Finished Squirrel Updater
[14.07.25 20:53:41] info: Program: Starting Squirrel Updater: --checkForUpdate https://api.dyad.sh/v1/update/stable/dyad-sh/dyad/win32-x64/0.12.0
[14.07.25 20:53:41] info: Program: Fetching update information, downloading from https://api.dyad.sh/v1/update/stable/dyad-sh/dyad/win32-x64/0.12.0
[14.07.25 20:53:41] info: CheckForUpdateImpl: Using existing staging user ID: b9e424be-de23-5cf7-98f1-192e87c15908
[14.07.25 20:53:41] info: CheckForUpdateImpl: Downloading RELEASES file from https://api.dyad.sh/v1/update/stable/dyad-sh/dyad/win32-x64/0.12.0
[14.07.25 20:53:42] info: FileDownloader: Downloading url: https://api.dyad.sh/v1/update/stable/dyad-sh/dyad/win32-x64/0.12.0/RELEASES?id=dyad&localVersion=0.12.0&arch=amd64
[14.07.25 20:53:42] info: Program: Finished Squirrel Updater
[14.07.25 21:03:41] info: Program: Starting Squirrel Updater: --checkForUpdate https://api.dyad.sh/v1/update/stable/dyad-sh/dyad/win32-x64/0.12.0
[14.07.25 21:03:41] info: Program: Fetching update information, downloading from https://api.dyad.sh/v1/update/stable/dyad-sh/dyad/win32-x64/0.12.0
[14.07.25 21:03:41] info: CheckForUpdateImpl: Using existing staging user ID: b9e424be-de23-5cf7-98f1-192e87c15908
[14.07.25 21:03:41] info: CheckForUpdateImpl: Downloading RELEASES file from https://api.dyad.sh/v1/update/stable/dyad-sh/dyad/win32-x64/0.12.0
[14.07.25 21:03:42] info: FileDownloader: Downloading url: https://api.dyad.sh/v1/update/stable/dyad-sh/dyad/win32-x64/0.12.0/RELEASES?id=dyad&localVersion=0.12.0&arch=amd64
[14.07.25 21:03:42] info: Program: Finished Squirrel Updater
[14.07.25 21:13:41] info: Program: Starting Squirrel Updater: --checkForUpdate https://api.dyad.sh/v1/update/stable/dyad-sh/dyad/win32-x64/0.12.0
[14.07.25 21:13:41] info: Program: Fetching update information, downloading from https://api.dyad.sh/v1/update/stable/dyad-sh/dyad/win32-x64/0.12.0
[14.07.25 21:13:41] info: CheckForUpdateImpl: Using existing staging user ID: b9e424be-de23-5cf7-98f1-192e87c15908
[14.07.25 21:13:41] info: CheckForUpdateImpl: Downloading RELEASES file from https://api.dyad.sh/v1/update/stable/dyad-sh/dyad/win32-x64/0.12.0
[14.07.25 21:13:42] info: FileDownloader: Downloading url: https://api.dyad.sh/v1/update/stable/dyad-sh/dyad/win32-x64/0.12.0/RELEASES?id=dyad&localVersion=0.12.0&arch=amd64
[14.07.25 21:13:42] info: Program: Finished Squirrel Updater
